[2016-09-22 10:54:50] local.ERROR: InvalidArgumentException: View [services] not found. in /home/arissetyawan/aplikasi-indonesia.com/kickstarter-indonesia/vendor/laravel/framework/src/Illuminate/View/FileViewFinder.php:137
Stack trace:
#0 /home/arissetyawan/aplikasi-indonesia.com/kickstarter-indonesia/vendor/laravel/framework/src/Illuminate/View/FileViewFinder.php(79): Illuminate\View\FileViewFinder->findInPaths('services', Array)
#1 /home/arissetyawan/aplikasi-indonesia.com/kickstarter-indonesia/vendor/laravel/framework/src/Illuminate/View/Factory.php(174): Illuminate\View\FileViewFinder->find('services')
#2 /home/arissetyawan/aplikasi-indonesia.com/kickstarter-indonesia/vendor/laravel/framework/src/Illuminate/Foundation/helpers.php(855): Illuminate\View\Factory->make('services', Array, Array)
#3 /home/arissetyawan/aplikasi-indonesia.com/kickstarter-indonesia/routes/web.php(23): view('services')
#4 /home/arissetyawan/aplikasi-indonesia.com/kickstarter-indonesia/vendor/laravel/framework/src/Illuminate/Routing/Route.php(176): App\Providers\RouteServiceProvider->{closure}()
#5 /home/arissetyawan/aplikasi-indonesia.com/kickstarter-indonesia/vendor/laravel/framework/src/Illuminate/Routing/Route.php(147): Illuminate\Routing\Route->runCallable()
#6 /home/arissetyawan/aplikasi-indonesia.com/kickstarter-indonesia/vendor/laravel/framework/src/Illuminate/Routing/Router.php(642): Illuminate\Routing\Route->run(Object(Illuminate\Http\Request))
#7 /home/arissetyawan/aplikasi-indonesia.com/kickstarter-indonesia/vendor/laravel/framework/src/Illuminate/Routing/Pipeline.php(53): Illuminate\Routing\Router->Illuminate\Routing\{closure}(Object(Illuminate\Http\Request))
#8 /home/arissetyawan/aplikasi-indonesia.com/kickstarter-indonesia/vendor/laravel/framework/src/Illuminate/Routing/Middleware/SubstituteBindings.php(41): Illuminate\Routing\Pipeline->Illuminate\Routing\{closure}(Object(Illuminate\Http\Request))
#9 /home/arissetyawan/aplikasi-indonesia.com/kickstarter-indonesia/vendor/laravel/framework/src/Illuminate/Pipeline/Pipeline.php(137): Illuminate\Routing\Middleware\SubstituteBindings->handle(Object(Illuminate\Http\Request), Object(Closure))
#10 /home/arissetyawan/aplikasi-indonesia.com/kickstarter-indonesia/vendor/laravel/framework/src/Illuminate/Routing/Pipeline.php(33): Illuminate\Pipeline\Pipeline->Illuminate\Pipeline\{closure}(Object(Illuminate\Http\Request))
#11 /home/arissetyawan/aplikasi-indonesia.com/kickstarter-indonesia/vendor/laravel/framework/src/Illuminate/Foundation/Http/Middleware/VerifyCsrfToken.php(64): Illuminate\Routing\Pipeline->Illuminate\Routing\{closure}(Object(Illuminate\Http\Request))
#12 /home/arissetyawan/aplikasi-indonesia.com/kickstarter-indonesia/vendor/laravel/framework/src/Illuminate/Pipeline/Pipeline.php(137): Illuminate\Foundation\Http\Middleware\VerifyCsrfToken->handle(Object(Illuminate\Http\Request), Object(Closure))
#13 /home/arissetyawan/aplikasi-indonesia.com/kickstarter-indonesia/vendor/laravel/framework/src/Illuminate/Routing/Pipeline.php(33): Illuminate\Pipeline\Pipeline->Illuminate\Pipeline\{closure}(Object(Illuminate\Http\Request))
#14 /home/arissetyawan/aplikasi-indonesia.com/kickstarter-indonesia/vendor/laravel/framework/src/Illuminate/View/Middleware/ShareErrorsFromSession.php(49): Illuminate\Routing\Pipeline->Illuminate\Routing\{closure}(Object(Illuminate\Http\Request))
#15 /home/arissetyawan/aplikasi-indonesia.com/kickstarter-indonesia/vendor/laravel/framework/src/Illuminate/Pipeline/Pipeline.php(137): Illuminate\View\Middleware\ShareErrorsFromSession->handle(Object(Illuminate\Http\Request), Object(Closure))
#16 /home/arissetyawan/aplikasi-indonesia.com/kickstarter-indonesia/vendor/laravel/framework/src/Illuminate/Routing/Pipeline.php(33): Illuminate\Pipeline\Pipeline->Illuminate\Pipeline\{closure}(Object(Illuminate\Http\Request))
#17 /home/arissetyawan/aplikasi-indonesia.com/kickstarter-indonesia/vendor/laravel/framework/src/Illuminate/Session/Middleware/StartSession.php(64): Illuminate\Routing\Pipeline->Illuminate\Routing\{closure}(Object(Illuminate\Http\Request))
#18 /home/arissetyawan/aplikasi-indonesia.com/kickstarter-indonesia/vendor/laravel/framework/src/Illuminate/Pipeline/Pipeline.php(137): Illuminate\Session\Middleware\StartSession->handle(Object(Illuminate\Http\Request), Object(Closure))
#19 /home/arissetyawan/aplikasi-indonesia.com/kickstarter-indonesia/vendor/laravel/framework/src/Illuminate/Routing/Pipeline.php(33): Illuminate\Pipeline\Pipeline->Illuminate\Pipeline\{closure}(Object(Illuminate\Http\Request))
#20 /home/arissetyawan/aplikasi-indonesia.com/kickstarter-indonesia/vendor/laravel/framework/src/Illuminate/Cookie/Middleware/AddQueuedCookiesToResponse.php(37): Illuminate\Routing\Pipeline->Illuminate\Routing\{closure}(Object(Illuminate\Http\Request))
#21 /home/arissetyawan/aplikasi-indonesia.com/kickstarter-indonesia/vendor/laravel/framework/src/Illuminate/Pipeline/Pipeline.php(137): Illuminate\Cookie\Middleware\AddQueuedCookiesToResponse->handle(Object(Illuminate\Http\Request), Object(Closure))
#22 /home/arissetyawan/aplikasi-indonesia.com/kickstarter-indonesia/vendor/laravel/framework/src/Illuminate/Routing/Pipeline.php(33): Illuminate\Pipeline\Pipeline->Illuminate\Pipeline\{closure}(Object(Illuminate\Http\Request))
#23 /home/arissetyawan/aplikasi-indonesia.com/kickstarter-indonesia/vendor/laravel/framework/src/Illuminate/Cookie/Middleware/EncryptCookies.php(59): Illuminate\Routing\Pipeline->Illuminate\Routing\{closure}(Object(Illuminate\Http\Request))
#24 /home/arissetyawan/aplikasi-indonesia.com/kickstarter-indonesia/vendor/laravel/framework/src/Illuminate/Pipeline/Pipeline.php(137): Illuminate\Cookie\Middleware\EncryptCookies->handle(Object(Illuminate\Http\Request), Object(Closure))
#25 /home/arissetyawan/aplikasi-indonesia.com/kickstarter-indonesia/vendor/laravel/framework/src/Illuminate/Routing/Pipeline.php(33): Illuminate\Pipeline\Pipeline->Illuminate\Pipeline\{closure}(Object(Illuminate\Http\Request))
#26 /home/arissetyawan/aplikasi-indonesia.com/kickstarter-indonesia/vendor/laravel/framework/src/Illuminate/Pipeline/Pipeline.php(104): Illuminate\Routing\Pipeline->Illuminate\Routing\{closure}(Object(Illuminate\Http\Request))
#27 /home/arissetyawan/aplikasi-indonesia.com/kickstarter-indonesia/vendor/laravel/framework/src/Illuminate/Routing/Router.php(644): Illuminate\Pipeline\Pipeline->then(Object(Closure))
#28 /home/arissetyawan/aplikasi-indonesia.com/kickstarter-indonesia/vendor/laravel/framework/src/Illuminate/Routing/Router.php(618): Illuminate\Routing\Router->runRouteWithinStack(Object(Illuminate\Routing\Route), Object(Illuminate\Http\Request))
#29 /home/arissetyawan/aplikasi-indonesia.com/kickstarter-indonesia/vendor/laravel/framework/src/Illuminate/Routing/Router.php(596): Illuminate\Routing\Router->dispatchToRoute(Object(Illuminate\Http\Request))
#30 /home/arissetyawan/aplikasi-indonesia.com/kickstarter-indonesia/vendor/laravel/framework/src/Illuminate/Foundation/Http/Kernel.php(267): Illuminate\Routing\Router->dispatch(Object(Illuminate\Http\Request))
#31 /home/arissetyawan/aplikasi-indonesia.com/kickstarter-indonesia/vendor/laravel/framework/src/Illuminate/Routing/Pipeline.php(53): Illuminate\Foundation\Http\Kernel->Illuminate\Foundation\Http\{closure}(Object(Illuminate\Http\Request))
#32 /home/arissetyawan/aplikasi-indonesia.com/kickstarter-indonesia/vendor/laravel/framework/src/Illuminate/Foundation/Http/Middleware/CheckForMaintenanceMode.php(46): Illuminate\Routing\Pipeline->Illuminate\Routing\{closure}(Object(Illuminate\Http\Request))
#33 /home/arissetyawan/aplikasi-indonesia.com/kickstarter-indonesia/vendor/laravel/framework/src/Illuminate/Pipeline/Pipeline.php(137): Illuminate\Foundation\Http\Middleware\CheckForMaintenanceMode->handle(Object(Illuminate\Http\Request), Object(Closure))
#34 /home/arissetyawan/aplikasi-indonesia.com/kickstarter-indonesia/vendor/laravel/framework/src/Illuminate/Routing/Pipeline.php(33): Illuminate\Pipeline\Pipeline->Illuminate\Pipeline\{closure}(Object(Illuminate\Http\Request))
#35 /home/arissetyawan/aplikasi-indonesia.com/kickstarter-indonesia/vendor/laravel/framework/src/Illuminate/Pipeline/Pipeline.php(104): Illuminate\Routing\Pipeline->Illuminate\Routing\{closure}(Object(Illuminate\Http\Request))
#36 /home/arissetyawan/aplikasi-indonesia.com/kickstarter-indonesia/vendor/laravel/framework/src/Illuminate/Foundation/Http/Kernel.php(149): Illuminate\Pipeline\Pipeline->then(Object(Closure))
#37 /home/arissetyawan/aplikasi-indonesia.com/kickstarter-indonesia/vendor/laravel/framework/src/Illuminate/Foundation/Http/Kernel.php(116): Illuminate\Foundation\Http\Kernel->sendRequestThroughRouter(Object(Illuminate\Http\Request))
#38 /home/arissetyawan/aplikasi-indonesia.com/kickstarter-indonesia/public/index.php(53): Illuminate\Foundation\Http\Kernel->handle(Object(Illuminate\Http\Request))
#39 /home/arissetyawan/aplikasi-indonesia.com/kickstarter-indonesia/server.php(21): require_once('/home/arissetya...')
#40 {main}  
[2016-09-22 10:55:05] local.ERROR: InvalidArgumentException: View [services] not found. in /home/arissetyawan/aplikasi-indonesia.com/kickstarter-indonesia/vendor/laravel/framework/src/Illuminate/View/FileViewFinder.php:137
Stack trace:
#0 /home/arissetyawan/aplikasi-indonesia.com/kickstarter-indonesia/vendor/laravel/framework/src/Illuminate/View/FileViewFinder.php(79): Illuminate\View\FileViewFinder->findInPaths('services', Array)
#1 /home/arissetyawan/aplikasi-indonesia.com/kickstarter-indonesia/vendor/laravel/framework/src/Illuminate/View/Factory.php(174): Illuminate\View\FileViewFinder->find('services')
#2 /home/arissetyawan/aplikasi-indonesia.com/kickstarter-indonesia/vendor/laravel/framework/src/Illuminate/Foundation/helpers.php(855): Illuminate\View\Factory->make('services', Array, Array)
#3 /home/arissetyawan/aplikasi-indonesia.com/kickstarter-indonesia/routes/web.php(23): view('services')
#4 /home/arissetyawan/aplikasi-indonesia.com/kickstarter-indonesia/vendor/laravel/framework/src/Illuminate/Routing/Route.php(176): App\Providers\RouteServiceProvider->{closure}()
#5 /home/arissetyawan/aplikasi-indonesia.com/kickstarter-indonesia/vendor/laravel/framework/src/Illuminate/Routing/Route.php(147): Illuminate\Routing\Route->runCallable()
#6 /home/arissetyawan/aplikasi-indonesia.com/kickstarter-indonesia/vendor/laravel/framework/src/Illuminate/Routing/Router.php(642): Illuminate\Routing\Route->run(Object(Illuminate\Http\Request))
#7 /home/arissetyawan/aplikasi-indonesia.com/kickstarter-indonesia/vendor/laravel/framework/src/Illuminate/Routing/Pipeline.php(53): Illuminate\Routing\Router->Illuminate\Routing\{closure}(Object(Illuminate\Http\Request))
#8 /home/arissetyawan/aplikasi-indonesia.com/kickstarter-indonesia/vendor/laravel/framework/src/Illuminate/Routing/Middleware/SubstituteBindings.php(41): Illuminate\Routing\Pipeline->Illuminate\Routing\{closure}(Object(Illuminate\Http\Request))
#9 /home/arissetyawan/aplikasi-indonesia.com/kickstarter-indonesia/vendor/laravel/framework/src/Illuminate/Pipeline/Pipeline.php(137): Illuminate\Routing\Middleware\SubstituteBindings->handle(Object(Illuminate\Http\Request), Object(Closure))
#10 /home/arissetyawan/aplikasi-indonesia.com/kickstarter-indonesia/vendor/laravel/framework/src/Illuminate/Routing/Pipeline.php(33): Illuminate\Pipeline\Pipeline->Illuminate\Pipeline\{closure}(Object(Illuminate\Http\Request))
#11 /home/arissetyawan/aplikasi-indonesia.com/kickstarter-indonesia/vendor/laravel/framework/src/Illuminate/Foundation/Http/Middleware/VerifyCsrfToken.php(64): Illuminate\Routing\Pipeline->Illuminate\Routing\{closure}(Object(Illuminate\Http\Request))
#12 /home/arissetyawan/aplikasi-indonesia.com/kickstarter-indonesia/vendor/laravel/framework/src/Illuminate/Pipeline/Pipeline.php(137): Illuminate\Foundation\Http\Middleware\VerifyCsrfToken->handle(Object(Illuminate\Http\Request), Object(Closure))
#13 /home/arissetyawan/aplikasi-indonesia.com/kickstarter-indonesia/vendor/laravel/framework/src/Illuminate/Routing/Pipeline.php(33): Illuminate\Pipeline\Pipeline->Illuminate\Pipeline\{closure}(Object(Illuminate\Http\Request))
#14 /home/arissetyawan/aplikasi-indonesia.com/kickstarter-indonesia/vendor/laravel/framework/src/Illuminate/View/Middleware/ShareErrorsFromSession.php(49): Illuminate\Routing\Pipeline->Illuminate\Routing\{closure}(Object(Illuminate\Http\Request))
#15 /home/arissetyawan/aplikasi-indonesia.com/kickstarter-indonesia/vendor/laravel/framework/src/Illuminate/Pipeline/Pipeline.php(137): Illuminate\View\Middleware\ShareErrorsFromSession->handle(Object(Illuminate\Http\Request), Object(Closure))
#16 /home/arissetyawan/aplikasi-indonesia.com/kickstarter-indonesia/vendor/laravel/framework/src/Illuminate/Routing/Pipeline.php(33): Illuminate\Pipeline\Pipeline->Illuminate\Pipeline\{closure}(Object(Illuminate\Http\Request))
#17 /home/arissetyawan/aplikasi-indonesia.com/kickstarter-indonesia/vendor/laravel/framework/src/Illuminate/Session/Middleware/StartSession.php(64): Illuminate\Routing\Pipeline->Illuminate\Routing\{closure}(Object(Illuminate\Http\Request))
#18 /home/arissetyawan/aplikasi-indonesia.com/kickstarter-indonesia/vendor/laravel/framework/src/Illuminate/Pipeline/Pipeline.php(137): Illuminate\Session\Middleware\StartSession->handle(Object(Illuminate\Http\Request), Object(Closure))
#19 /home/arissetyawan/aplikasi-indonesia.com/kickstarter-indonesia/vendor/laravel/framework/src/Illuminate/Routing/Pipeline.php(33): Illuminate\Pipeline\Pipeline->Illuminate\Pipeline\{closure}(Object(Illuminate\Http\Request))
#20 /home/arissetyawan/aplikasi-indonesia.com/kickstarter-indonesia/vendor/laravel/framework/src/Illuminate/Cookie/Middleware/AddQueuedCookiesToResponse.php(37): Illuminate\Routing\Pipeline->Illuminate\Routing\{closure}(Object(Illuminate\Http\Request))
#21 /home/arissetyawan/aplikasi-indonesia.com/kickstarter-indonesia/vendor/laravel/framework/src/Illuminate/Pipeline/Pipeline.php(137): Illuminate\Cookie\Middleware\AddQueuedCookiesToResponse->handle(Object(Illuminate\Http\Request), Object(Closure))
#22 /home/arissetyawan/aplikasi-indonesia.com/kickstarter-indonesia/vendor/laravel/framework/src/Illuminate/Routing/Pipeline.php(33): Illuminate\Pipeline\Pipeline->Illuminate\Pipeline\{closure}(Object(Illuminate\Http\Request))
#23 /home/arissetyawan/aplikasi-indonesia.com/kickstarter-indonesia/vendor/laravel/framework/src/Illuminate/Cookie/Middleware/EncryptCookies.php(59): Illuminate\Routing\Pipeline->Illuminate\Routing\{closure}(Object(Illuminate\Http\Request))
#24 /home/arissetyawan/aplikasi-indonesia.com/kickstarter-indonesia/vendor/laravel/framework/src/Illuminate/Pipeline/Pipeline.php(137): Illuminate\Cookie\Middleware\EncryptCookies->handle(Object(Illuminate\Http\Request), Object(Closure))
#25 /home/arissetyawan/aplikasi-indonesia.com/kickstarter-indonesia/vendor/laravel/framework/src/Illuminate/Routing/Pipeline.php(33): Illuminate\Pipeline\Pipeline->Illuminate\Pipeline\{closure}(Object(Illuminate\Http\Request))
#26 /home/arissetyawan/aplikasi-indonesia.com/kickstarter-indonesia/vendor/laravel/framework/src/Illuminate/Pipeline/Pipeline.php(104): Illuminate\Routing\Pipeline->Illuminate\Routing\{closure}(Object(Illuminate\Http\Request))
#27 /home/arissetyawan/aplikasi-indonesia.com/kickstarter-indonesia/vendor/laravel/framework/src/Illuminate/Routing/Router.php(644): Illuminate\Pipeline\Pipeline->then(Object(Closure))
#28 /home/arissetyawan/aplikasi-indonesia.com/kickstarter-indonesia/vendor/laravel/framework/src/Illuminate/Routing/Router.php(618): Illuminate\Routing\Router->runRouteWithinStack(Object(Illuminate\Routing\Route), Object(Illuminate\Http\Request))
#29 /home/arissetyawan/aplikasi-indonesia.com/kickstarter-indonesia/vendor/laravel/framework/src/Illuminate/Routing/Router.php(596): Illuminate\Routing\Router->dispatchToRoute(Object(Illuminate\Http\Request))
#30 /home/arissetyawan/aplikasi-indonesia.com/kickstarter-indonesia/vendor/laravel/framework/src/Illuminate/Foundation/Http/Kernel.php(267): Illuminate\Routing\Router->dispatch(Object(Illuminate\Http\Request))
#31 /home/arissetyawan/aplikasi-indonesia.com/kickstarter-indonesia/vendor/laravel/framework/src/Illuminate/Routing/Pipeline.php(53): Illuminate\Foundation\Http\Kernel->Illuminate\Foundation\Http\{closure}(Object(Illuminate\Http\Request))
#32 /home/arissetyawan/aplikasi-indonesia.com/kickstarter-indonesia/vendor/laravel/framework/src/Illuminate/Foundation/Http/Middleware/CheckForMaintenanceMode.php(46): Illuminate\Routing\Pipeline->Illuminate\Routing\{closure}(Object(Illuminate\Http\Request))
#33 /home/arissetyawan/aplikasi-indonesia.com/kickstarter-indonesia/vendor/laravel/framework/src/Illuminate/Pipeline/Pipeline.php(137): Illuminate\Foundation\Http\Middleware\CheckForMaintenanceMode->handle(Object(Illuminate\Http\Request), Object(Closure))
#34 /home/arissetyawan/aplikasi-indonesia.com/kickstarter-indonesia/vendor/laravel/framework/src/Illuminate/Routing/Pipeline.php(33): Illuminate\Pipeline\Pipeline->Illuminate\Pipeline\{closure}(Object(Illuminate\Http\Request))
#35 /home/arissetyawan/aplikasi-indonesia.com/kickstarter-indonesia/vendor/laravel/framework/src/Illuminate/Pipeline/Pipeline.php(104): Illuminate\Routing\Pipeline->Illuminate\Routing\{closure}(Object(Illuminate\Http\Request))
#36 /home/arissetyawan/aplikasi-indonesia.com/kickstarter-indonesia/vendor/laravel/framework/src/Illuminate/Foundation/Http/Kernel.php(149): Illuminate\Pipeline\Pipeline->then(Object(Closure))
#37 /home/arissetyawan/aplikasi-indonesia.com/kickstarter-indonesia/vendor/laravel/framework/src/Illuminate/Foundation/Http/Kernel.php(116): Illuminate\Foundation\Http\Kernel->sendRequestThroughRouter(Object(Illuminate\Http\Request))
#38 /home/arissetyawan/aplikasi-indonesia.com/kickstarter-indonesia/public/index.php(53): Illuminate\Foundation\Http\Kernel->handle(Object(Illuminate\Http\Request))
#39 /home/arissetyawan/aplikasi-indonesia.com/kickstarter-indonesia/server.php(21): require_once('/home/arissetya...')
#40 {main}  
[2016-09-22 11:03:28] local.ERROR: InvalidArgumentException: View [services] not found. in /home/arissetyawan/aplikasi-indonesia.com/kickstarter-indonesia/vendor/laravel/framework/src/Illuminate/View/FileViewFinder.php:137
Stack trace:
#0 /home/arissetyawan/aplikasi-indonesia.com/kickstarter-indonesia/vendor/laravel/framework/src/Illuminate/View/FileViewFinder.php(79): Illuminate\View\FileViewFinder->findInPaths('services', Array)
#1 /home/arissetyawan/aplikasi-indonesia.com/kickstarter-indonesia/vendor/laravel/framework/src/Illuminate/View/Factory.php(174): Illuminate\View\FileViewFinder->find('services')
#2 /home/arissetyawan/aplikasi-indonesia.com/kickstarter-indonesia/vendor/laravel/framework/src/Illuminate/Foundation/helpers.php(855): Illuminate\View\Factory->make('services', Array, Array)
#3 /home/arissetyawan/aplikasi-indonesia.com/kickstarter-indonesia/routes/web.php(23): view('services')
#4 /home/arissetyawan/aplikasi-indonesia.com/kickstarter-indonesia/vendor/laravel/framework/src/Illuminate/Routing/Route.php(176): App\Providers\RouteServiceProvider->{closure}()
#5 /home/arissetyawan/aplikasi-indonesia.com/kickstarter-indonesia/vendor/laravel/framework/src/Illuminate/Routing/Route.php(147): Illuminate\Routing\Route->runCallable()
#6 /home/arissetyawan/aplikasi-indonesia.com/kickstarter-indonesia/vendor/laravel/framework/src/Illuminate/Routing/Router.php(642): Illuminate\Routing\Route->run(Object(Illuminate\Http\Request))
#7 /home/arissetyawan/aplikasi-indonesia.com/kickstarter-indonesia/vendor/laravel/framework/src/Illuminate/Routing/Pipeline.php(53): Illuminate\Routing\Router->Illuminate\Routing\{closure}(Object(Illuminate\Http\Request))
#8 /home/arissetyawan/aplikasi-indonesia.com/kickstarter-indonesia/vendor/laravel/framework/src/Illuminate/Routing/Middleware/SubstituteBindings.php(41): Illuminate\Routing\Pipeline->Illuminate\Routing\{closure}(Object(Illuminate\Http\Request))
#9 /home/arissetyawan/aplikasi-indonesia.com/kickstarter-indonesia/vendor/laravel/framework/src/Illuminate/Pipeline/Pipeline.php(137): Illuminate\Routing\Middleware\SubstituteBindings->handle(Object(Illuminate\Http\Request), Object(Closure))
#10 /home/arissetyawan/aplikasi-indonesia.com/kickstarter-indonesia/vendor/laravel/framework/src/Illuminate/Routing/Pipeline.php(33): Illuminate\Pipeline\Pipeline->Illuminate\Pipeline\{closure}(Object(Illuminate\Http\Request))
#11 /home/arissetyawan/aplikasi-indonesia.com/kickstarter-indonesia/vendor/laravel/framework/src/Illuminate/Foundation/Http/Middleware/VerifyCsrfToken.php(64): Illuminate\Routing\Pipeline->Illuminate\Routing\{closure}(Object(Illuminate\Http\Request))
#12 /home/arissetyawan/aplikasi-indonesia.com/kickstarter-indonesia/vendor/laravel/framework/src/Illuminate/Pipeline/Pipeline.php(137): Illuminate\Foundation\Http\Middleware\VerifyCsrfToken->handle(Object(Illuminate\Http\Request), Object(Closure))
#13 /home/arissetyawan/aplikasi-indonesia.com/kickstarter-indonesia/vendor/laravel/framework/src/Illuminate/Routing/Pipeline.php(33): Illuminate\Pipeline\Pipeline->Illuminate\Pipeline\{closure}(Object(Illuminate\Http\Request))
#14 /home/arissetyawan/aplikasi-indonesia.com/kickstarter-indonesia/vendor/laravel/framework/src/Illuminate/View/Middleware/ShareErrorsFromSession.php(49): Illuminate\Routing\Pipeline->Illuminate\Routing\{closure}(Object(Illuminate\Http\Request))
#15 /home/arissetyawan/aplikasi-indonesia.com/kickstarter-indonesia/vendor/laravel/framework/src/Illuminate/Pipeline/Pipeline.php(137): Illuminate\View\Middleware\ShareErrorsFromSession->handle(Object(Illuminate\Http\Request), Object(Closure))
#16 /home/arissetyawan/aplikasi-indonesia.com/kickstarter-indonesia/vendor/laravel/framework/src/Illuminate/Routing/Pipeline.php(33): Illuminate\Pipeline\Pipeline->Illuminate\Pipeline\{closure}(Object(Illuminate\Http\Request))
#17 /home/arissetyawan/aplikasi-indonesia.com/kickstarter-indonesia/vendor/laravel/framework/src/Illuminate/Session/Middleware/StartSession.php(64): Illuminate\Routing\Pipeline->Illuminate\Routing\{closure}(Object(Illuminate\Http\Request))
#18 /home/arissetyawan/aplikasi-indonesia.com/kickstarter-indonesia/vendor/laravel/framework/src/Illuminate/Pipeline/Pipeline.php(137): Illuminate\Session\Middleware\StartSession->handle(Object(Illuminate\Http\Request), Object(Closure))
#19 /home/arissetyawan/aplikasi-indonesia.com/kickstarter-indonesia/vendor/laravel/framework/src/Illuminate/Routing/Pipeline.php(33): Illuminate\Pipeline\Pipeline->Illuminate\Pipeline\{closure}(Object(Illuminate\Http\Request))
#20 /home/arissetyawan/aplikasi-indonesia.com/kickstarter-indonesia/vendor/laravel/framework/src/Illuminate/Cookie/Middleware/AddQueuedCookiesToResponse.php(37): Illuminate\Routing\Pipeline->Illuminate\Routing\{closure}(Object(Illuminate\Http\Request))
#21 /home/arissetyawan/aplikasi-indonesia.com/kickstarter-indonesia/vendor/laravel/framework/src/Illuminate/Pipeline/Pipeline.php(137): Illuminate\Cookie\Middleware\AddQueuedCookiesToResponse->handle(Object(Illuminate\Http\Request), Object(Closure))
#22 /home/arissetyawan/aplikasi-indonesia.com/kickstarter-indonesia/vendor/laravel/framework/src/Illuminate/Routing/Pipeline.php(33): Illuminate\Pipeline\Pipeline->Illuminate\Pipeline\{closure}(Object(Illuminate\Http\Request))
#23 /home/arissetyawan/aplikasi-indonesia.com/kickstarter-indonesia/vendor/laravel/framework/src/Illuminate/Cookie/Middleware/EncryptCookies.php(59): Illuminate\Routing\Pipeline->Illuminate\Routing\{closure}(Object(Illuminate\Http\Request))
#24 /home/arissetyawan/aplikasi-indonesia.com/kickstarter-indonesia/vendor/laravel/framework/src/Illuminate/Pipeline/Pipeline.php(137): Illuminate\Cookie\Middleware\EncryptCookies->handle(Object(Illuminate\Http\Request), Object(Closure))
#25 /home/arissetyawan/aplikasi-indonesia.com/kickstarter-indonesia/vendor/laravel/framework/src/Illuminate/Routing/Pipeline.php(33): Illuminate\Pipeline\Pipeline->Illuminate\Pipeline\{closure}(Object(Illuminate\Http\Request))
#26 /home/arissetyawan/aplikasi-indonesia.com/kickstarter-indonesia/vendor/laravel/framework/src/Illuminate/Pipeline/Pipeline.php(104): Illuminate\Routing\Pipeline->Illuminate\Routing\{closure}(Object(Illuminate\Http\Request))
#27 /home/arissetyawan/aplikasi-indonesia.com/kickstarter-indonesia/vendor/laravel/framework/src/Illuminate/Routing/Router.php(644): Illuminate\Pipeline\Pipeline->then(Object(Closure))
#28 /home/arissetyawan/aplikasi-indonesia.com/kickstarter-indonesia/vendor/laravel/framework/src/Illuminate/Routing/Router.php(618): Illuminate\Routing\Router->runRouteWithinStack(Object(Illuminate\Routing\Route), Object(Illuminate\Http\Request))
#29 /home/arissetyawan/aplikasi-indonesia.com/kickstarter-indonesia/vendor/laravel/framework/src/Illuminate/Routing/Router.php(596): Illuminate\Routing\Router->dispatchToRoute(Object(Illuminate\Http\Request))
#30 /home/arissetyawan/aplikasi-indonesia.com/kickstarter-indonesia/vendor/laravel/framework/src/Illuminate/Foundation/Http/Kernel.php(267): Illuminate\Routing\Router->dispatch(Object(Illuminate\Http\Request))
#31 /home/arissetyawan/aplikasi-indonesia.com/kickstarter-indonesia/vendor/laravel/framework/src/Illuminate/Routing/Pipeline.php(53): Illuminate\Foundation\Http\Kernel->Illuminate\Foundation\Http\{closure}(Object(Illuminate\Http\Request))
#32 /home/arissetyawan/aplikasi-indonesia.com/kickstarter-indonesia/vendor/laravel/framework/src/Illuminate/Foundation/Http/Middleware/CheckForMaintenanceMode.php(46): Illuminate\Routing\Pipeline->Illuminate\Routing\{closure}(Object(Illuminate\Http\Request))
#33 /home/arissetyawan/aplikasi-indonesia.com/kickstarter-indonesia/vendor/laravel/framework/src/Illuminate/Pipeline/Pipeline.php(137): Illuminate\Foundation\Http\Middleware\CheckForMaintenanceMode->handle(Object(Illuminate\Http\Request), Object(Closure))
#34 /home/arissetyawan/aplikasi-indonesia.com/kickstarter-indonesia/vendor/laravel/framework/src/Illuminate/Routing/Pipeline.php(33): Illuminate\Pipeline\Pipeline->Illuminate\Pipeline\{closure}(Object(Illuminate\Http\Request))
#35 /home/arissetyawan/aplikasi-indonesia.com/kickstarter-indonesia/vendor/laravel/framework/src/Illuminate/Pipeline/Pipeline.php(104): Illuminate\Routing\Pipeline->Illuminate\Routing\{closure}(Object(Illuminate\Http\Request))
#36 /home/arissetyawan/aplikasi-indonesia.com/kickstarter-indonesia/vendor/laravel/framework/src/Illuminate/Foundation/Http/Kernel.php(149): Illuminate\Pipeline\Pipeline->then(Object(Closure))
#37 /home/arissetyawan/aplikasi-indonesia.com/kickstarter-indonesia/vendor/laravel/framework/src/Illuminate/Foundation/Http/Kernel.php(116): Illuminate\Foundation\Http\Kernel->sendRequestThroughRouter(Object(Illuminate\Http\Request))
#38 /home/arissetyawan/aplikasi-indonesia.com/kickstarter-indonesia/public/index.php(53): Illuminate\Foundation\Http\Kernel->handle(Object(Illuminate\Http\Request))
#39 /home/arissetyawan/aplikasi-indonesia.com/kickstarter-indonesia/server.php(21): require_once('/home/arissetya...')
#40 {main}  
[2016-09-22 11:05:20] local.ERROR: InvalidArgumentException: View [services] not found. in /home/arissetyawan/aplikasi-indonesia.com/kickstarter-indonesia/vendor/laravel/framework/src/Illuminate/View/FileViewFinder.php:137
Stack trace:
#0 /home/arissetyawan/aplikasi-indonesia.com/kickstarter-indonesia/vendor/laravel/framework/src/Illuminate/View/FileViewFinder.php(79): Illuminate\View\FileViewFinder->findInPaths('services', Array)
#1 /home/arissetyawan/aplikasi-indonesia.com/kickstarter-indonesia/vendor/laravel/framework/src/Illuminate/View/Factory.php(174): Illuminate\View\FileViewFinder->find('services')
#2 /home/arissetyawan/aplikasi-indonesia.com/kickstarter-indonesia/vendor/laravel/framework/src/Illuminate/Foundation/helpers.php(855): Illuminate\View\Factory->make('services', Array, Array)
#3 /home/arissetyawan/aplikasi-indonesia.com/kickstarter-indonesia/routes/web.php(23): view('services')
#4 /home/arissetyawan/aplikasi-indonesia.com/kickstarter-indonesia/vendor/laravel/framework/src/Illuminate/Routing/Route.php(176): App\Providers\RouteServiceProvider->{closure}()
#5 /home/arissetyawan/aplikasi-indonesia.com/kickstarter-indonesia/vendor/laravel/framework/src/Illuminate/Routing/Route.php(147): Illuminate\Routing\Route->runCallable()
#6 /home/arissetyawan/aplikasi-indonesia.com/kickstarter-indonesia/vendor/laravel/framework/src/Illuminate/Routing/Router.php(642): Illuminate\Routing\Route->run(Object(Illuminate\Http\Request))
#7 /home/arissetyawan/aplikasi-indonesia.com/kickstarter-indonesia/vendor/laravel/framework/src/Illuminate/Routing/Pipeline.php(53): Illuminate\Routing\Router->Illuminate\Routing\{closure}(Object(Illuminate\Http\Request))
#8 /home/arissetyawan/aplikasi-indonesia.com/kickstarter-indonesia/vendor/laravel/framework/src/Illuminate/Routing/Middleware/SubstituteBindings.php(41): Illuminate\Routing\Pipeline->Illuminate\Routing\{closure}(Object(Illuminate\Http\Request))
#9 /home/arissetyawan/aplikasi-indonesia.com/kickstarter-indonesia/vendor/laravel/framework/src/Illuminate/Pipeline/Pipeline.php(137): Illuminate\Routing\Middleware\SubstituteBindings->handle(Object(Illuminate\Http\Request), Object(Closure))
#10 /home/arissetyawan/aplikasi-indonesia.com/kickstarter-indonesia/vendor/laravel/framework/src/Illuminate/Routing/Pipeline.php(33): Illuminate\Pipeline\Pipeline->Illuminate\Pipeline\{closure}(Object(Illuminate\Http\Request))
#11 /home/arissetyawan/aplikasi-indonesia.com/kickstarter-indonesia/vendor/laravel/framework/src/Illuminate/Foundation/Http/Middleware/VerifyCsrfToken.php(64): Illuminate\Routing\Pipeline->Illuminate\Routing\{closure}(Object(Illuminate\Http\Request))
#12 /home/arissetyawan/aplikasi-indonesia.com/kickstarter-indonesia/vendor/laravel/framework/src/Illuminate/Pipeline/Pipeline.php(137): Illuminate\Foundation\Http\Middleware\VerifyCsrfToken->handle(Object(Illuminate\Http\Request), Object(Closure))
#13 /home/arissetyawan/aplikasi-indonesia.com/kickstarter-indonesia/vendor/laravel/framework/src/Illuminate/Routing/Pipeline.php(33): Illuminate\Pipeline\Pipeline->Illuminate\Pipeline\{closure}(Object(Illuminate\Http\Request))
#14 /home/arissetyawan/aplikasi-indonesia.com/kickstarter-indonesia/vendor/laravel/framework/src/Illuminate/View/Middleware/ShareErrorsFromSession.php(49): Illuminate\Routing\Pipeline->Illuminate\Routing\{closure}(Object(Illuminate\Http\Request))
#15 /home/arissetyawan/aplikasi-indonesia.com/kickstarter-indonesia/vendor/laravel/framework/src/Illuminate/Pipeline/Pipeline.php(137): Illuminate\View\Middleware\ShareErrorsFromSession->handle(Object(Illuminate\Http\Request), Object(Closure))
#16 /home/arissetyawan/aplikasi-indonesia.com/kickstarter-indonesia/vendor/laravel/framework/src/Illuminate/Routing/Pipeline.php(33): Illuminate\Pipeline\Pipeline->Illuminate\Pipeline\{closure}(Object(Illuminate\Http\Request))
#17 /home/arissetyawan/aplikasi-indonesia.com/kickstarter-indonesia/vendor/laravel/framework/src/Illuminate/Session/Middleware/StartSession.php(64): Illuminate\Routing\Pipeline->Illuminate\Routing\{closure}(Object(Illuminate\Http\Request))
#18 /home/arissetyawan/aplikasi-indonesia.com/kickstarter-indonesia/vendor/laravel/framework/src/Illuminate/Pipeline/Pipeline.php(137): Illuminate\Session\Middleware\StartSession->handle(Object(Illuminate\Http\Request), Object(Closure))
#19 /home/arissetyawan/aplikasi-indonesia.com/kickstarter-indonesia/vendor/laravel/framework/src/Illuminate/Routing/Pipeline.php(33): Illuminate\Pipeline\Pipeline->Illuminate\Pipeline\{closure}(Object(Illuminate\Http\Request))
#20 /home/arissetyawan/aplikasi-indonesia.com/kickstarter-indonesia/vendor/laravel/framework/src/Illuminate/Cookie/Middleware/AddQueuedCookiesToResponse.php(37): Illuminate\Routing\Pipeline->Illuminate\Routing\{closure}(Object(Illuminate\Http\Request))
#21 /home/arissetyawan/aplikasi-indonesia.com/kickstarter-indonesia/vendor/laravel/framework/src/Illuminate/Pipeline/Pipeline.php(137): Illuminate\Cookie\Middleware\AddQueuedCookiesToResponse->handle(Object(Illuminate\Http\Request), Object(Closure))
#22 /home/arissetyawan/aplikasi-indonesia.com/kickstarter-indonesia/vendor/laravel/framework/src/Illuminate/Routing/Pipeline.php(33): Illuminate\Pipeline\Pipeline->Illuminate\Pipeline\{closure}(Object(Illuminate\Http\Request))
#23 /home/arissetyawan/aplikasi-indonesia.com/kickstarter-indonesia/vendor/laravel/framework/src/Illuminate/Cookie/Middleware/EncryptCookies.php(59): Illuminate\Routing\Pipeline->Illuminate\Routing\{closure}(Object(Illuminate\Http\Request))
#24 /home/arissetyawan/aplikasi-indonesia.com/kickstarter-indonesia/vendor/laravel/framework/src/Illuminate/Pipeline/Pipeline.php(137): Illuminate\Cookie\Middleware\EncryptCookies->handle(Object(Illuminate\Http\Request), Object(Closure))
#25 /home/arissetyawan/aplikasi-indonesia.com/kickstarter-indonesia/vendor/laravel/framework/src/Illuminate/Routing/Pipeline.php(33): Illuminate\Pipeline\Pipeline->Illuminate\Pipeline\{closure}(Object(Illuminate\Http\Request))
#26 /home/arissetyawan/aplikasi-indonesia.com/kickstarter-indonesia/vendor/laravel/framework/src/Illuminate/Pipeline/Pipeline.php(104): Illuminate\Routing\Pipeline->Illuminate\Routing\{closure}(Object(Illuminate\Http\Request))
#27 /home/arissetyawan/aplikasi-indonesia.com/kickstarter-indonesia/vendor/laravel/framework/src/Illuminate/Routing/Router.php(644): Illuminate\Pipeline\Pipeline->then(Object(Closure))
#28 /home/arissetyawan/aplikasi-indonesia.com/kickstarter-indonesia/vendor/laravel/framework/src/Illuminate/Routing/Router.php(618): Illuminate\Routing\Router->runRouteWithinStack(Object(Illuminate\Routing\Route), Object(Illuminate\Http\Request))
#29 /home/arissetyawan/aplikasi-indonesia.com/kickstarter-indonesia/vendor/laravel/framework/src/Illuminate/Routing/Router.php(596): Illuminate\Routing\Router->dispatchToRoute(Object(Illuminate\Http\Request))
#30 /home/arissetyawan/aplikasi-indonesia.com/kickstarter-indonesia/vendor/laravel/framework/src/Illuminate/Foundation/Http/Kernel.php(267): Illuminate\Routing\Router->dispatch(Object(Illuminate\Http\Request))
#31 /home/arissetyawan/aplikasi-indonesia.com/kickstarter-indonesia/vendor/laravel/framework/src/Illuminate/Routing/Pipeline.php(53): Illuminate\Foundation\Http\Kernel->Illuminate\Foundation\Http\{closure}(Object(Illuminate\Http\Request))
#32 /home/arissetyawan/aplikasi-indonesia.com/kickstarter-indonesia/vendor/laravel/framework/src/Illuminate/Foundation/Http/Middleware/CheckForMaintenanceMode.php(46): Illuminate\Routing\Pipeline->Illuminate\Routing\{closure}(Object(Illuminate\Http\Request))
#33 /home/arissetyawan/aplikasi-indonesia.com/kickstarter-indonesia/vendor/laravel/framework/src/Illuminate/Pipeline/Pipeline.php(137): Illuminate\Foundation\Http\Middleware\CheckForMaintenanceMode->handle(Object(Illuminate\Http\Request), Object(Closure))
#34 /home/arissetyawan/aplikasi-indonesia.com/kickstarter-indonesia/vendor/laravel/framework/src/Illuminate/Routing/Pipeline.php(33): Illuminate\Pipeline\Pipeline->Illuminate\Pipeline\{closure}(Object(Illuminate\Http\Request))
#35 /home/arissetyawan/aplikasi-indonesia.com/kickstarter-indonesia/vendor/laravel/framework/src/Illuminate/Pipeline/Pipeline.php(104): Illuminate\Routing\Pipeline->Illuminate\Routing\{closure}(Object(Illuminate\Http\Request))
#36 /home/arissetyawan/aplikasi-indonesia.com/kickstarter-indonesia/vendor/laravel/framework/src/Illuminate/Foundation/Http/Kernel.php(149): Illuminate\Pipeline\Pipeline->then(Object(Closure))
#37 /home/arissetyawan/aplikasi-indonesia.com/kickstarter-indonesia/vendor/laravel/framework/src/Illuminate/Foundation/Http/Kernel.php(116): Illuminate\Foundation\Http\Kernel->sendRequestThroughRouter(Object(Illuminate\Http\Request))
#38 /home/arissetyawan/aplikasi-indonesia.com/kickstarter-indonesia/public/index.php(53): Illuminate\Foundation\Http\Kernel->handle(Object(Illuminate\Http\Request))
#39 /home/arissetyawan/aplikasi-indonesia.com/kickstarter-indonesia/server.php(21): require_once('/home/arissetya...')
#40 {main}  
[2016-09-22 11:05:40] local.ERROR: InvalidArgumentException: View [services] not found. in /home/arissetyawan/aplikasi-indonesia.com/kickstarter-indonesia/vendor/laravel/framework/src/Illuminate/View/FileViewFinder.php:137
Stack trace:
#0 /home/arissetyawan/aplikasi-indonesia.com/kickstarter-indonesia/vendor/laravel/framework/src/Illuminate/View/FileViewFinder.php(79): Illuminate\View\FileViewFinder->findInPaths('services', Array)
#1 /home/arissetyawan/aplikasi-indonesia.com/kickstarter-indonesia/vendor/laravel/framework/src/Illuminate/View/Factory.php(174): Illuminate\View\FileViewFinder->find('services')
#2 /home/arissetyawan/aplikasi-indonesia.com/kickstarter-indonesia/vendor/laravel/framework/src/Illuminate/Foundation/helpers.php(855): Illuminate\View\Factory->make('services', Array, Array)
#3 /home/arissetyawan/aplikasi-indonesia.com/kickstarter-indonesia/routes/web.php(23): view('services')
#4 /home/arissetyawan/aplikasi-indonesia.com/kickstarter-indonesia/vendor/laravel/framework/src/Illuminate/Routing/Route.php(176): App\Providers\RouteServiceProvider->{closure}()
#5 /home/arissetyawan/aplikasi-indonesia.com/kickstarter-indonesia/vendor/laravel/framework/src/Illuminate/Routing/Route.php(147): Illuminate\Routing\Route->runCallable()
#6 /home/arissetyawan/aplikasi-indonesia.com/kickstarter-indonesia/vendor/laravel/framework/src/Illuminate/Routing/Router.php(642): Illuminate\Routing\Route->run(Object(Illuminate\Http\Request))
#7 /home/arissetyawan/aplikasi-indonesia.com/kickstarter-indonesia/vendor/laravel/framework/src/Illuminate/Routing/Pipeline.php(53): Illuminate\Routing\Router->Illuminate\Routing\{closure}(Object(Illuminate\Http\Request))
#8 /home/arissetyawan/aplikasi-indonesia.com/kickstarter-indonesia/vendor/laravel/framework/src/Illuminate/Routing/Middleware/SubstituteBindings.php(41): Illuminate\Routing\Pipeline->Illuminate\Routing\{closure}(Object(Illuminate\Http\Request))
#9 /home/arissetyawan/aplikasi-indonesia.com/kickstarter-indonesia/vendor/laravel/framework/src/Illuminate/Pipeline/Pipeline.php(137): Illuminate\Routing\Middleware\SubstituteBindings->handle(Object(Illuminate\Http\Request), Object(Closure))
#10 /home/arissetyawan/aplikasi-indonesia.com/kickstarter-indonesia/vendor/laravel/framework/src/Illuminate/Routing/Pipeline.php(33): Illuminate\Pipeline\Pipeline->Illuminate\Pipeline\{closure}(Object(Illuminate\Http\Request))
#11 /home/arissetyawan/aplikasi-indonesia.com/kickstarter-indonesia/vendor/laravel/framework/src/Illuminate/Foundation/Http/Middleware/VerifyCsrfToken.php(64): Illuminate\Routing\Pipeline->Illuminate\Routing\{closure}(Object(Illuminate\Http\Request))
#12 /home/arissetyawan/aplikasi-indonesia.com/kickstarter-indonesia/vendor/laravel/framework/src/Illuminate/Pipeline/Pipeline.php(137): Illuminate\Foundation\Http\Middleware\VerifyCsrfToken->handle(Object(Illuminate\Http\Request), Object(Closure))
#13 /home/arissetyawan/aplikasi-indonesia.com/kickstarter-indonesia/vendor/laravel/framework/src/Illuminate/Routing/Pipeline.php(33): Illuminate\Pipeline\Pipeline->Illuminate\Pipeline\{closure}(Object(Illuminate\Http\Request))
#14 /home/arissetyawan/aplikasi-indonesia.com/kickstarter-indonesia/vendor/laravel/framework/src/Illuminate/View/Middleware/ShareErrorsFromSession.php(49): Illuminate\Routing\Pipeline->Illuminate\Routing\{closure}(Object(Illuminate\Http\Request))
#15 /home/arissetyawan/aplikasi-indonesia.com/kickstarter-indonesia/vendor/laravel/framework/src/Illuminate/Pipeline/Pipeline.php(137): Illuminate\View\Middleware\ShareErrorsFromSession->handle(Object(Illuminate\Http\Request), Object(Closure))
#16 /home/arissetyawan/aplikasi-indonesia.com/kickstarter-indonesia/vendor/laravel/framework/src/Illuminate/Routing/Pipeline.php(33): Illuminate\Pipeline\Pipeline->Illuminate\Pipeline\{closure}(Object(Illuminate\Http\Request))
#17 /home/arissetyawan/aplikasi-indonesia.com/kickstarter-indonesia/vendor/laravel/framework/src/Illuminate/Session/Middleware/StartSession.php(64): Illuminate\Routing\Pipeline->Illuminate\Routing\{closure}(Object(Illuminate\Http\Request))
#18 /home/arissetyawan/aplikasi-indonesia.com/kickstarter-indonesia/vendor/laravel/framework/src/Illuminate/Pipeline/Pipeline.php(137): Illuminate\Session\Middleware\StartSession->handle(Object(Illuminate\Http\Request), Object(Closure))
#19 /home/arissetyawan/aplikasi-indonesia.com/kickstarter-indonesia/vendor/laravel/framework/src/Illuminate/Routing/Pipeline.php(33): Illuminate\Pipeline\Pipeline->Illuminate\Pipeline\{closure}(Object(Illuminate\Http\Request))
#20 /home/arissetyawan/aplikasi-indonesia.com/kickstarter-indonesia/vendor/laravel/framework/src/Illuminate/Cookie/Middleware/AddQueuedCookiesToResponse.php(37): Illuminate\Routing\Pipeline->Illuminate\Routing\{closure}(Object(Illuminate\Http\Request))
#21 /home/arissetyawan/aplikasi-indonesia.com/kickstarter-indonesia/vendor/laravel/framework/src/Illuminate/Pipeline/Pipeline.php(137): Illuminate\Cookie\Middleware\AddQueuedCookiesToResponse->handle(Object(Illuminate\Http\Request), Object(Closure))
#22 /home/arissetyawan/aplikasi-indonesia.com/kickstarter-indonesia/vendor/laravel/framework/src/Illuminate/Routing/Pipeline.php(33): Illuminate\Pipeline\Pipeline->Illuminate\Pipeline\{closure}(Object(Illuminate\Http\Request))
#23 /home/arissetyawan/aplikasi-indonesia.com/kickstarter-indonesia/vendor/laravel/framework/src/Illuminate/Cookie/Middleware/EncryptCookies.php(59): Illuminate\Routing\Pipeline->Illuminate\Routing\{closure}(Object(Illuminate\Http\Request))
#24 /home/arissetyawan/aplikasi-indonesia.com/kickstarter-indonesia/vendor/laravel/framework/src/Illuminate/Pipeline/Pipeline.php(137): Illuminate\Cookie\Middleware\EncryptCookies->handle(Object(Illuminate\Http\Request), Object(Closure))
#25 /home/arissetyawan/aplikasi-indonesia.com/kickstarter-indonesia/vendor/laravel/framework/src/Illuminate/Routing/Pipeline.php(33): Illuminate\Pipeline\Pipeline->Illuminate\Pipeline\{closure}(Object(Illuminate\Http\Request))
#26 /home/arissetyawan/aplikasi-indonesia.com/kickstarter-indonesia/vendor/laravel/framework/src/Illuminate/Pipeline/Pipeline.php(104): Illuminate\Routing\Pipeline->Illuminate\Routing\{closure}(Object(Illuminate\Http\Request))
#27 /home/arissetyawan/aplikasi-indonesia.com/kickstarter-indonesia/vendor/laravel/framework/src/Illuminate/Routing/Router.php(644): Illuminate\Pipeline\Pipeline->then(Object(Closure))
#28 /home/arissetyawan/aplikasi-indonesia.com/kickstarter-indonesia/vendor/laravel/framework/src/Illuminate/Routing/Router.php(618): Illuminate\Routing\Router->runRouteWithinStack(Object(Illuminate\Routing\Route), Object(Illuminate\Http\Request))
#29 /home/arissetyawan/aplikasi-indonesia.com/kickstarter-indonesia/vendor/laravel/framework/src/Illuminate/Routing/Router.php(596): Illuminate\Routing\Router->dispatchToRoute(Object(Illuminate\Http\Request))
#30 /home/arissetyawan/aplikasi-indonesia.com/kickstarter-indonesia/vendor/laravel/framework/src/Illuminate/Foundation/Http/Kernel.php(267): Illuminate\Routing\Router->dispatch(Object(Illuminate\Http\Request))
#31 /home/arissetyawan/aplikasi-indonesia.com/kickstarter-indonesia/vendor/laravel/framework/src/Illuminate/Routing/Pipeline.php(53): Illuminate\Foundation\Http\Kernel->Illuminate\Foundation\Http\{closure}(Object(Illuminate\Http\Request))
#32 /home/arissetyawan/aplikasi-indonesia.com/kickstarter-indonesia/vendor/laravel/framework/src/Illuminate/Foundation/Http/Middleware/CheckForMaintenanceMode.php(46): Illuminate\Routing\Pipeline->Illuminate\Routing\{closure}(Object(Illuminate\Http\Request))
#33 /home/arissetyawan/aplikasi-indonesia.com/kickstarter-indonesia/vendor/laravel/framework/src/Illuminate/Pipeline/Pipeline.php(137): Illuminate\Foundation\Http\Middleware\CheckForMaintenanceMode->handle(Object(Illuminate\Http\Request), Object(Closure))
#34 /home/arissetyawan/aplikasi-indonesia.com/kickstarter-indonesia/vendor/laravel/framework/src/Illuminate/Routing/Pipeline.php(33): Illuminate\Pipeline\Pipeline->Illuminate\Pipeline\{closure}(Object(Illuminate\Http\Request))
#35 /home/arissetyawan/aplikasi-indonesia.com/kickstarter-indonesia/vendor/laravel/framework/src/Illuminate/Pipeline/Pipeline.php(104): Illuminate\Routing\Pipeline->Illuminate\Routing\{closure}(Object(Illuminate\Http\Request))
#36 /home/arissetyawan/aplikasi-indonesia.com/kickstarter-indonesia/vendor/laravel/framework/src/Illuminate/Foundation/Http/Kernel.php(149): Illuminate\Pipeline\Pipeline->then(Object(Closure))
#37 /home/arissetyawan/aplikasi-indonesia.com/kickstarter-indonesia/vendor/laravel/framework/src/Illuminate/Foundation/Http/Kernel.php(116): Illuminate\Foundation\Http\Kernel->sendRequestThroughRouter(Object(Illuminate\Http\Request))
#38 /home/arissetyawan/aplikasi-indonesia.com/kickstarter-indonesia/public/index.php(53): Illuminate\Foundation\Http\Kernel->handle(Object(Illuminate\Http\Request))
#39 /home/arissetyawan/aplikasi-indonesia.com/kickstarter-indonesia/server.php(21): require_once('/home/arissetya...')
#40 {main}  
[2016-09-22 11:17:17] local.ERROR: InvalidArgumentException: View [services] not found. in /home/arissetyawan/aplikasi-indonesia.com/kickstarter-indonesia/vendor/laravel/framework/src/Illuminate/View/FileViewFinder.php:137
Stack trace:
#0 /home/arissetyawan/aplikasi-indonesia.com/kickstarter-indonesia/vendor/laravel/framework/src/Illuminate/View/FileViewFinder.php(79): Illuminate\View\FileViewFinder->findInPaths('services', Array)
#1 /home/arissetyawan/aplikasi-indonesia.com/kickstarter-indonesia/vendor/laravel/framework/src/Illuminate/View/Factory.php(174): Illuminate\View\FileViewFinder->find('services')
#2 /home/arissetyawan/aplikasi-indonesia.com/kickstarter-indonesia/vendor/laravel/framework/src/Illuminate/Foundation/helpers.php(855): Illuminate\View\Factory->make('services', Array, Array)
#3 /home/arissetyawan/aplikasi-indonesia.com/kickstarter-indonesia/routes/web.php(23): view('services')
#4 /home/arissetyawan/aplikasi-indonesia.com/kickstarter-indonesia/vendor/laravel/framework/src/Illuminate/Routing/Route.php(176): App\Providers\RouteServiceProvider->{closure}()
#5 /home/arissetyawan/aplikasi-indonesia.com/kickstarter-indonesia/vendor/laravel/framework/src/Illuminate/Routing/Route.php(147): Illuminate\Routing\Route->runCallable()
#6 /home/arissetyawan/aplikasi-indonesia.com/kickstarter-indonesia/vendor/laravel/framework/src/Illuminate/Routing/Router.php(642): Illuminate\Routing\Route->run(Object(Illuminate\Http\Request))
#7 /home/arissetyawan/aplikasi-indonesia.com/kickstarter-indonesia/vendor/laravel/framework/src/Illuminate/Routing/Pipeline.php(53): Illuminate\Routing\Router->Illuminate\Routing\{closure}(Object(Illuminate\Http\Request))
#8 /home/arissetyawan/aplikasi-indonesia.com/kickstarter-indonesia/vendor/laravel/framework/src/Illuminate/Routing/Middleware/SubstituteBindings.php(41): Illuminate\Routing\Pipeline->Illuminate\Routing\{closure}(Object(Illuminate\Http\Request))
#9 /home/arissetyawan/aplikasi-indonesia.com/kickstarter-indonesia/vendor/laravel/framework/src/Illuminate/Pipeline/Pipeline.php(137): Illuminate\Routing\Middleware\SubstituteBindings->handle(Object(Illuminate\Http\Request), Object(Closure))
#10 /home/arissetyawan/aplikasi-indonesia.com/kickstarter-indonesia/vendor/laravel/framework/src/Illuminate/Routing/Pipeline.php(33): Illuminate\Pipeline\Pipeline->Illuminate\Pipeline\{closure}(Object(Illuminate\Http\Request))
#11 /home/arissetyawan/aplikasi-indonesia.com/kickstarter-indonesia/vendor/laravel/framework/src/Illuminate/Foundation/Http/Middleware/VerifyCsrfToken.php(64): Illuminate\Routing\Pipeline->Illuminate\Routing\{closure}(Object(Illuminate\Http\Request))
#12 /home/arissetyawan/aplikasi-indonesia.com/kickstarter-indonesia/vendor/laravel/framework/src/Illuminate/Pipeline/Pipeline.php(137): Illuminate\Foundation\Http\Middleware\VerifyCsrfToken->handle(Object(Illuminate\Http\Request), Object(Closure))
#13 /home/arissetyawan/aplikasi-indonesia.com/kickstarter-indonesia/vendor/laravel/framework/src/Illuminate/Routing/Pipeline.php(33): Illuminate\Pipeline\Pipeline->Illuminate\Pipeline\{closure}(Object(Illuminate\Http\Request))
#14 /home/arissetyawan/aplikasi-indonesia.com/kickstarter-indonesia/vendor/laravel/framework/src/Illuminate/View/Middleware/ShareErrorsFromSession.php(49): Illuminate\Routing\Pipeline->Illuminate\Routing\{closure}(Object(Illuminate\Http\Request))
#15 /home/arissetyawan/aplikasi-indonesia.com/kickstarter-indonesia/vendor/laravel/framework/src/Illuminate/Pipeline/Pipeline.php(137): Illuminate\View\Middleware\ShareErrorsFromSession->handle(Object(Illuminate\Http\Request), Object(Closure))
#16 /home/arissetyawan/aplikasi-indonesia.com/kickstarter-indonesia/vendor/laravel/framework/src/Illuminate/Routing/Pipeline.php(33): Illuminate\Pipeline\Pipeline->Illuminate\Pipeline\{closure}(Object(Illuminate\Http\Request))
#17 /home/arissetyawan/aplikasi-indonesia.com/kickstarter-indonesia/vendor/laravel/framework/src/Illuminate/Session/Middleware/StartSession.php(64): Illuminate\Routing\Pipeline->Illuminate\Routing\{closure}(Object(Illuminate\Http\Request))
#18 /home/arissetyawan/aplikasi-indonesia.com/kickstarter-indonesia/vendor/laravel/framework/src/Illuminate/Pipeline/Pipeline.php(137): Illuminate\Session\Middleware\StartSession->handle(Object(Illuminate\Http\Request), Object(Closure))
#19 /home/arissetyawan/aplikasi-indonesia.com/kickstarter-indonesia/vendor/laravel/framework/src/Illuminate/Routing/Pipeline.php(33): Illuminate\Pipeline\Pipeline->Illuminate\Pipeline\{closure}(Object(Illuminate\Http\Request))
#20 /home/arissetyawan/aplikasi-indonesia.com/kickstarter-indonesia/vendor/laravel/framework/src/Illuminate/Cookie/Middleware/AddQueuedCookiesToResponse.php(37): Illuminate\Routing\Pipeline->Illuminate\Routing\{closure}(Object(Illuminate\Http\Request))
#21 /home/arissetyawan/aplikasi-indonesia.com/kickstarter-indonesia/vendor/laravel/framework/src/Illuminate/Pipeline/Pipeline.php(137): Illuminate\Cookie\Middleware\AddQueuedCookiesToResponse->handle(Object(Illuminate\Http\Request), Object(Closure))
#22 /home/arissetyawan/aplikasi-indonesia.com/kickstarter-indonesia/vendor/laravel/framework/src/Illuminate/Routing/Pipeline.php(33): Illuminate\Pipeline\Pipeline->Illuminate\Pipeline\{closure}(Object(Illuminate\Http\Request))
#23 /home/arissetyawan/aplikasi-indonesia.com/kickstarter-indonesia/vendor/laravel/framework/src/Illuminate/Cookie/Middleware/EncryptCookies.php(59): Illuminate\Routing\Pipeline->Illuminate\Routing\{closure}(Object(Illuminate\Http\Request))
#24 /home/arissetyawan/aplikasi-indonesia.com/kickstarter-indonesia/vendor/laravel/framework/src/Illuminate/Pipeline/Pipeline.php(137): Illuminate\Cookie\Middleware\EncryptCookies->handle(Object(Illuminate\Http\Request), Object(Closure))
#25 /home/arissetyawan/aplikasi-indonesia.com/kickstarter-indonesia/vendor/laravel/framework/src/Illuminate/Routing/Pipeline.php(33): Illuminate\Pipeline\Pipeline->Illuminate\Pipeline\{closure}(Object(Illuminate\Http\Request))
#26 /home/arissetyawan/aplikasi-indonesia.com/kickstarter-indonesia/vendor/laravel/framework/src/Illuminate/Pipeline/Pipeline.php(104): Illuminate\Routing\Pipeline->Illuminate\Routing\{closure}(Object(Illuminate\Http\Request))
#27 /home/arissetyawan/aplikasi-indonesia.com/kickstarter-indonesia/vendor/laravel/framework/src/Illuminate/Routing/Router.php(644): Illuminate\Pipeline\Pipeline->then(Object(Closure))
#28 /home/arissetyawan/aplikasi-indonesia.com/kickstarter-indonesia/vendor/laravel/framework/src/Illuminate/Routing/Router.php(618): Illuminate\Routing\Router->runRouteWithinStack(Object(Illuminate\Routing\Route), Object(Illuminate\Http\Request))
#29 /home/arissetyawan/aplikasi-indonesia.com/kickstarter-indonesia/vendor/laravel/framework/src/Illuminate/Routing/Router.php(596): Illuminate\Routing\Router->dispatchToRoute(Object(Illuminate\Http\Request))
#30 /home/arissetyawan/aplikasi-indonesia.com/kickstarter-indonesia/vendor/laravel/framework/src/Illuminate/Foundation/Http/Kernel.php(267): Illuminate\Routing\Router->dispatch(Object(Illuminate\Http\Request))
#31 /home/arissetyawan/aplikasi-indonesia.com/kickstarter-indonesia/vendor/laravel/framework/src/Illuminate/Routing/Pipeline.php(53): Illuminate\Foundation\Http\Kernel->Illuminate\Foundation\Http\{closure}(Object(Illuminate\Http\Request))
#32 /home/arissetyawan/aplikasi-indonesia.com/kickstarter-indonesia/vendor/laravel/framework/src/Illuminate/Foundation/Http/Middleware/CheckForMaintenanceMode.php(46): Illuminate\Routing\Pipeline->Illuminate\Routing\{closure}(Object(Illuminate\Http\Request))
#33 /home/arissetyawan/aplikasi-indonesia.com/kickstarter-indonesia/vendor/laravel/framework/src/Illuminate/Pipeline/Pipeline.php(137): Illuminate\Foundation\Http\Middleware\CheckForMaintenanceMode->handle(Object(Illuminate\Http\Request), Object(Closure))
#34 /home/arissetyawan/aplikasi-indonesia.com/kickstarter-indonesia/vendor/laravel/framework/src/Illuminate/Routing/Pipeline.php(33): Illuminate\Pipeline\Pipeline->Illuminate\Pipeline\{closure}(Object(Illuminate\Http\Request))
#35 /home/arissetyawan/aplikasi-indonesia.com/kickstarter-indonesia/vendor/laravel/framework/src/Illuminate/Pipeline/Pipeline.php(104): Illuminate\Routing\Pipeline->Illuminate\Routing\{closure}(Object(Illuminate\Http\Request))
#36 /home/arissetyawan/aplikasi-indonesia.com/kickstarter-indonesia/vendor/laravel/framework/src/Illuminate/Foundation/Http/Kernel.php(149): Illuminate\Pipeline\Pipeline->then(Object(Closure))
#37 /home/arissetyawan/aplikasi-indonesia.com/kickstarter-indonesia/vendor/laravel/framework/src/Illuminate/Foundation/Http/Kernel.php(116): Illuminate\Foundation\Http\Kernel->sendRequestThroughRouter(Object(Illuminate\Http\Request))
#38 /home/arissetyawan/aplikasi-indonesia.com/kickstarter-indonesia/public/index.php(53): Illuminate\Foundation\Http\Kernel->handle(Object(Illuminate\Http\Request))
#39 /home/arissetyawan/aplikasi-indonesia.com/kickstarter-indonesia/server.php(21): require_once('/home/arissetya...')
#40 {main}  
[2016-09-22 11:19:57] local.ERROR: InvalidArgumentException: View [services] not found. in /home/arissetyawan/aplikasi-indonesia.com/kickstarter-indonesia/vendor/laravel/framework/src/Illuminate/View/FileViewFinder.php:137
Stack trace:
#0 /home/arissetyawan/aplikasi-indonesia.com/kickstarter-indonesia/vendor/laravel/framework/src/Illuminate/View/FileViewFinder.php(79): Illuminate\View\FileViewFinder->findInPaths('services', Array)
#1 /home/arissetyawan/aplikasi-indonesia.com/kickstarter-indonesia/vendor/laravel/framework/src/Illuminate/View/Factory.php(174): Illuminate\View\FileViewFinder->find('services')
#2 /home/arissetyawan/aplikasi-indonesia.com/kickstarter-indonesia/vendor/laravel/framework/src/Illuminate/Foundation/helpers.php(855): Illuminate\View\Factory->make('services', Array, Array)
#3 /home/arissetyawan/aplikasi-indonesia.com/kickstarter-indonesia/routes/web.php(23): view('services')
#4 /home/arissetyawan/aplikasi-indonesia.com/kickstarter-indonesia/vendor/laravel/framework/src/Illuminate/Routing/Route.php(176): App\Providers\RouteServiceProvider->{closure}()
#5 /home/arissetyawan/aplikasi-indonesia.com/kickstarter-indonesia/vendor/laravel/framework/src/Illuminate/Routing/Route.php(147): Illuminate\Routing\Route->runCallable()
#6 /home/arissetyawan/aplikasi-indonesia.com/kickstarter-indonesia/vendor/laravel/framework/src/Illuminate/Routing/Router.php(642): Illuminate\Routing\Route->run(Object(Illuminate\Http\Request))
#7 /home/arissetyawan/aplikasi-indonesia.com/kickstarter-indonesia/vendor/laravel/framework/src/Illuminate/Routing/Pipeline.php(53): Illuminate\Routing\Router->Illuminate\Routing\{closure}(Object(Illuminate\Http\Request))
#8 /home/arissetyawan/aplikasi-indonesia.com/kickstarter-indonesia/vendor/laravel/framework/src/Illuminate/Routing/Middleware/SubstituteBindings.php(41): Illuminate\Routing\Pipeline->Illuminate\Routing\{closure}(Object(Illuminate\Http\Request))
#9 /home/arissetyawan/aplikasi-indonesia.com/kickstarter-indonesia/vendor/laravel/framework/src/Illuminate/Pipeline/Pipeline.php(137): Illuminate\Routing\Middleware\SubstituteBindings->handle(Object(Illuminate\Http\Request), Object(Closure))
#10 /home/arissetyawan/aplikasi-indonesia.com/kickstarter-indonesia/vendor/laravel/framework/src/Illuminate/Routing/Pipeline.php(33): Illuminate\Pipeline\Pipeline->Illuminate\Pipeline\{closure}(Object(Illuminate\Http\Request))
#11 /home/arissetyawan/aplikasi-indonesia.com/kickstarter-indonesia/vendor/laravel/framework/src/Illuminate/Foundation/Http/Middleware/VerifyCsrfToken.php(64): Illuminate\Routing\Pipeline->Illuminate\Routing\{closure}(Object(Illuminate\Http\Request))
#12 /home/arissetyawan/aplikasi-indonesia.com/kickstarter-indonesia/vendor/laravel/framework/src/Illuminate/Pipeline/Pipeline.php(137): Illuminate\Foundation\Http\Middleware\VerifyCsrfToken->handle(Object(Illuminate\Http\Request), Object(Closure))
#13 /home/arissetyawan/aplikasi-indonesia.com/kickstarter-indonesia/vendor/laravel/framework/src/Illuminate/Routing/Pipeline.php(33): Illuminate\Pipeline\Pipeline->Illuminate\Pipeline\{closure}(Object(Illuminate\Http\Request))
#14 /home/arissetyawan/aplikasi-indonesia.com/kickstarter-indonesia/vendor/laravel/framework/src/Illuminate/View/Middleware/ShareErrorsFromSession.php(49): Illuminate\Routing\Pipeline->Illuminate\Routing\{closure}(Object(Illuminate\Http\Request))
#15 /home/arissetyawan/aplikasi-indonesia.com/kickstarter-indonesia/vendor/laravel/framework/src/Illuminate/Pipeline/Pipeline.php(137): Illuminate\View\Middleware\ShareErrorsFromSession->handle(Object(Illuminate\Http\Request), Object(Closure))
#16 /home/arissetyawan/aplikasi-indonesia.com/kickstarter-indonesia/vendor/laravel/framework/src/Illuminate/Routing/Pipeline.php(33): Illuminate\Pipeline\Pipeline->Illuminate\Pipeline\{closure}(Object(Illuminate\Http\Request))
#17 /home/arissetyawan/aplikasi-indonesia.com/kickstarter-indonesia/vendor/laravel/framework/src/Illuminate/Session/Middleware/StartSession.php(64): Illuminate\Routing\Pipeline->Illuminate\Routing\{closure}(Object(Illuminate\Http\Request))
#18 /home/arissetyawan/aplikasi-indonesia.com/kickstarter-indonesia/vendor/laravel/framework/src/Illuminate/Pipeline/Pipeline.php(137): Illuminate\Session\Middleware\StartSession->handle(Object(Illuminate\Http\Request), Object(Closure))
#19 /home/arissetyawan/aplikasi-indonesia.com/kickstarter-indonesia/vendor/laravel/framework/src/Illuminate/Routing/Pipeline.php(33): Illuminate\Pipeline\Pipeline->Illuminate\Pipeline\{closure}(Object(Illuminate\Http\Request))
#20 /home/arissetyawan/aplikasi-indonesia.com/kickstarter-indonesia/vendor/laravel/framework/src/Illuminate/Cookie/Middleware/AddQueuedCookiesToResponse.php(37): Illuminate\Routing\Pipeline->Illuminate\Routing\{closure}(Object(Illuminate\Http\Request))
#21 /home/arissetyawan/aplikasi-indonesia.com/kickstarter-indonesia/vendor/laravel/framework/src/Illuminate/Pipeline/Pipeline.php(137): Illuminate\Cookie\Middleware\AddQueuedCookiesToResponse->handle(Object(Illuminate\Http\Request), Object(Closure))
#22 /home/arissetyawan/aplikasi-indonesia.com/kickstarter-indonesia/vendor/laravel/framework/src/Illuminate/Routing/Pipeline.php(33): Illuminate\Pipeline\Pipeline->Illuminate\Pipeline\{closure}(Object(Illuminate\Http\Request))
#23 /home/arissetyawan/aplikasi-indonesia.com/kickstarter-indonesia/vendor/laravel/framework/src/Illuminate/Cookie/Middleware/EncryptCookies.php(59): Illuminate\Routing\Pipeline->Illuminate\Routing\{closure}(Object(Illuminate\Http\Request))
#24 /home/arissetyawan/aplikasi-indonesia.com/kickstarter-indonesia/vendor/laravel/framework/src/Illuminate/Pipeline/Pipeline.php(137): Illuminate\Cookie\Middleware\EncryptCookies->handle(Object(Illuminate\Http\Request), Object(Closure))
#25 /home/arissetyawan/aplikasi-indonesia.com/kickstarter-indonesia/vendor/laravel/framework/src/Illuminate/Routing/Pipeline.php(33): Illuminate\Pipeline\Pipeline->Illuminate\Pipeline\{closure}(Object(Illuminate\Http\Request))
#26 /home/arissetyawan/aplikasi-indonesia.com/kickstarter-indonesia/vendor/laravel/framework/src/Illuminate/Pipeline/Pipeline.php(104): Illuminate\Routing\Pipeline->Illuminate\Routing\{closure}(Object(Illuminate\Http\Request))
#27 /home/arissetyawan/aplikasi-indonesia.com/kickstarter-indonesia/vendor/laravel/framework/src/Illuminate/Routing/Router.php(644): Illuminate\Pipeline\Pipeline->then(Object(Closure))
#28 /home/arissetyawan/aplikasi-indonesia.com/kickstarter-indonesia/vendor/laravel/framework/src/Illuminate/Routing/Router.php(618): Illuminate\Routing\Router->runRouteWithinStack(Object(Illuminate\Routing\Route), Object(Illuminate\Http\Request))
#29 /home/arissetyawan/aplikasi-indonesia.com/kickstarter-indonesia/vendor/laravel/framework/src/Illuminate/Routing/Router.php(596): Illuminate\Routing\Router->dispatchToRoute(Object(Illuminate\Http\Request))
#30 /home/arissetyawan/aplikasi-indonesia.com/kickstarter-indonesia/vendor/laravel/framework/src/Illuminate/Foundation/Http/Kernel.php(267): Illuminate\Routing\Router->dispatch(Object(Illuminate\Http\Request))
#31 /home/arissetyawan/aplikasi-indonesia.com/kickstarter-indonesia/vendor/laravel/framework/src/Illuminate/Routing/Pipeline.php(53): Illuminate\Foundation\Http\Kernel->Illuminate\Foundation\Http\{closure}(Object(Illuminate\Http\Request))
#32 /home/arissetyawan/aplikasi-indonesia.com/kickstarter-indonesia/vendor/laravel/framework/src/Illuminate/Foundation/Http/Middleware/CheckForMaintenanceMode.php(46): Illuminate\Routing\Pipeline->Illuminate\Routing\{closure}(Object(Illuminate\Http\Request))
#33 /home/arissetyawan/aplikasi-indonesia.com/kickstarter-indonesia/vendor/laravel/framework/src/Illuminate/Pipeline/Pipeline.php(137): Illuminate\Foundation\Http\Middleware\CheckForMaintenanceMode->handle(Object(Illuminate\Http\Request), Object(Closure))
#34 /home/arissetyawan/aplikasi-indonesia.com/kickstarter-indonesia/vendor/laravel/framework/src/Illuminate/Routing/Pipeline.php(33): Illuminate\Pipeline\Pipeline->Illuminate\Pipeline\{closure}(Object(Illuminate\Http\Request))
#35 /home/arissetyawan/aplikasi-indonesia.com/kickstarter-indonesia/vendor/laravel/framework/src/Illuminate/Pipeline/Pipeline.php(104): Illuminate\Routing\Pipeline->Illuminate\Routing\{closure}(Object(Illuminate\Http\Request))
#36 /home/arissetyawan/aplikasi-indonesia.com/kickstarter-indonesia/vendor/laravel/framework/src/Illuminate/Foundation/Http/Kernel.php(149): Illuminate\Pipeline\Pipeline->then(Object(Closure))
#37 /home/arissetyawan/aplikasi-indonesia.com/kickstarter-indonesia/vendor/laravel/framework/src/Illuminate/Foundation/Http/Kernel.php(116): Illuminate\Foundation\Http\Kernel->sendRequestThroughRouter(Object(Illuminate\Http\Request))
#38 /home/arissetyawan/aplikasi-indonesia.com/kickstarter-indonesia/public/index.php(53): Illuminate\Foundation\Http\Kernel->handle(Object(Illuminate\Http\Request))
#39 /home/arissetyawan/aplikasi-indonesia.com/kickstarter-indonesia/server.php(21): require_once('/home/arissetya...')
#40 {main}  
[2016-09-22 11:20:46] local.ERROR: InvalidArgumentException: View [services] not found. in /home/arissetyawan/aplikasi-indonesia.com/kickstarter-indonesia/vendor/laravel/framework/src/Illuminate/View/FileViewFinder.php:137
Stack trace:
#0 /home/arissetyawan/aplikasi-indonesia.com/kickstarter-indonesia/vendor/laravel/framework/src/Illuminate/View/FileViewFinder.php(79): Illuminate\View\FileViewFinder->findInPaths('services', Array)
#1 /home/arissetyawan/aplikasi-indonesia.com/kickstarter-indonesia/vendor/laravel/framework/src/Illuminate/View/Factory.php(174): Illuminate\View\FileViewFinder->find('services')
#2 /home/arissetyawan/aplikasi-indonesia.com/kickstarter-indonesia/vendor/laravel/framework/src/Illuminate/Foundation/helpers.php(855): Illuminate\View\Factory->make('services', Array, Array)
#3 /home/arissetyawan/aplikasi-indonesia.com/kickstarter-indonesia/routes/web.php(23): view('services')
#4 /home/arissetyawan/aplikasi-indonesia.com/kickstarter-indonesia/vendor/laravel/framework/src/Illuminate/Routing/Route.php(176): App\Providers\RouteServiceProvider->{closure}()
#5 /home/arissetyawan/aplikasi-indonesia.com/kickstarter-indonesia/vendor/laravel/framework/src/Illuminate/Routing/Route.php(147): Illuminate\Routing\Route->runCallable()
#6 /home/arissetyawan/aplikasi-indonesia.com/kickstarter-indonesia/vendor/laravel/framework/src/Illuminate/Routing/Router.php(642): Illuminate\Routing\Route->run(Object(Illuminate\Http\Request))
#7 /home/arissetyawan/aplikasi-indonesia.com/kickstarter-indonesia/vendor/laravel/framework/src/Illuminate/Routing/Pipeline.php(53): Illuminate\Routing\Router->Illuminate\Routing\{closure}(Object(Illuminate\Http\Request))
#8 /home/arissetyawan/aplikasi-indonesia.com/kickstarter-indonesia/vendor/laravel/framework/src/Illuminate/Routing/Middleware/SubstituteBindings.php(41): Illuminate\Routing\Pipeline->Illuminate\Routing\{closure}(Object(Illuminate\Http\Request))
#9 /home/arissetyawan/aplikasi-indonesia.com/kickstarter-indonesia/vendor/laravel/framework/src/Illuminate/Pipeline/Pipeline.php(137): Illuminate\Routing\Middleware\SubstituteBindings->handle(Object(Illuminate\Http\Request), Object(Closure))
#10 /home/arissetyawan/aplikasi-indonesia.com/kickstarter-indonesia/vendor/laravel/framework/src/Illuminate/Routing/Pipeline.php(33): Illuminate\Pipeline\Pipeline->Illuminate\Pipeline\{closure}(Object(Illuminate\Http\Request))
#11 /home/arissetyawan/aplikasi-indonesia.com/kickstarter-indonesia/vendor/laravel/framework/src/Illuminate/Foundation/Http/Middleware/VerifyCsrfToken.php(64): Illuminate\Routing\Pipeline->Illuminate\Routing\{closure}(Object(Illuminate\Http\Request))
#12 /home/arissetyawan/aplikasi-indonesia.com/kickstarter-indonesia/vendor/laravel/framework/src/Illuminate/Pipeline/Pipeline.php(137): Illuminate\Foundation\Http\Middleware\VerifyCsrfToken->handle(Object(Illuminate\Http\Request), Object(Closure))
#13 /home/arissetyawan/aplikasi-indonesia.com/kickstarter-indonesia/vendor/laravel/framework/src/Illuminate/Routing/Pipeline.php(33): Illuminate\Pipeline\Pipeline->Illuminate\Pipeline\{closure}(Object(Illuminate\Http\Request))
#14 /home/arissetyawan/aplikasi-indonesia.com/kickstarter-indonesia/vendor/laravel/framework/src/Illuminate/View/Middleware/ShareErrorsFromSession.php(49): Illuminate\Routing\Pipeline->Illuminate\Routing\{closure}(Object(Illuminate\Http\Request))
#15 /home/arissetyawan/aplikasi-indonesia.com/kickstarter-indonesia/vendor/laravel/framework/src/Illuminate/Pipeline/Pipeline.php(137): Illuminate\View\Middleware\ShareErrorsFromSession->handle(Object(Illuminate\Http\Request), Object(Closure))
#16 /home/arissetyawan/aplikasi-indonesia.com/kickstarter-indonesia/vendor/laravel/framework/src/Illuminate/Routing/Pipeline.php(33): Illuminate\Pipeline\Pipeline->Illuminate\Pipeline\{closure}(Object(Illuminate\Http\Request))
#17 /home/arissetyawan/aplikasi-indonesia.com/kickstarter-indonesia/vendor/laravel/framework/src/Illuminate/Session/Middleware/StartSession.php(64): Illuminate\Routing\Pipeline->Illuminate\Routing\{closure}(Object(Illuminate\Http\Request))
#18 /home/arissetyawan/aplikasi-indonesia.com/kickstarter-indonesia/vendor/laravel/framework/src/Illuminate/Pipeline/Pipeline.php(137): Illuminate\Session\Middleware\StartSession->handle(Object(Illuminate\Http\Request), Object(Closure))
#19 /home/arissetyawan/aplikasi-indonesia.com/kickstarter-indonesia/vendor/laravel/framework/src/Illuminate/Routing/Pipeline.php(33): Illuminate\Pipeline\Pipeline->Illuminate\Pipeline\{closure}(Object(Illuminate\Http\Request))
#20 /home/arissetyawan/aplikasi-indonesia.com/kickstarter-indonesia/vendor/laravel/framework/src/Illuminate/Cookie/Middleware/AddQueuedCookiesToResponse.php(37): Illuminate\Routing\Pipeline->Illuminate\Routing\{closure}(Object(Illuminate\Http\Request))
#21 /home/arissetyawan/aplikasi-indonesia.com/kickstarter-indonesia/vendor/laravel/framework/src/Illuminate/Pipeline/Pipeline.php(137): Illuminate\Cookie\Middleware\AddQueuedCookiesToResponse->handle(Object(Illuminate\Http\Request), Object(Closure))
#22 /home/arissetyawan/aplikasi-indonesia.com/kickstarter-indonesia/vendor/laravel/framework/src/Illuminate/Routing/Pipeline.php(33): Illuminate\Pipeline\Pipeline->Illuminate\Pipeline\{closure}(Object(Illuminate\Http\Request))
#23 /home/arissetyawan/aplikasi-indonesia.com/kickstarter-indonesia/vendor/laravel/framework/src/Illuminate/Cookie/Middleware/EncryptCookies.php(59): Illuminate\Routing\Pipeline->Illuminate\Routing\{closure}(Object(Illuminate\Http\Request))
#24 /home/arissetyawan/aplikasi-indonesia.com/kickstarter-indonesia/vendor/laravel/framework/src/Illuminate/Pipeline/Pipeline.php(137): Illuminate\Cookie\Middleware\EncryptCookies->handle(Object(Illuminate\Http\Request), Object(Closure))
#25 /home/arissetyawan/aplikasi-indonesia.com/kickstarter-indonesia/vendor/laravel/framework/src/Illuminate/Routing/Pipeline.php(33): Illuminate\Pipeline\Pipeline->Illuminate\Pipeline\{closure}(Object(Illuminate\Http\Request))
#26 /home/arissetyawan/aplikasi-indonesia.com/kickstarter-indonesia/vendor/laravel/framework/src/Illuminate/Pipeline/Pipeline.php(104): Illuminate\Routing\Pipeline->Illuminate\Routing\{closure}(Object(Illuminate\Http\Request))
#27 /home/arissetyawan/aplikasi-indonesia.com/kickstarter-indonesia/vendor/laravel/framework/src/Illuminate/Routing/Router.php(644): Illuminate\Pipeline\Pipeline->then(Object(Closure))
#28 /home/arissetyawan/aplikasi-indonesia.com/kickstarter-indonesia/vendor/laravel/framework/src/Illuminate/Routing/Router.php(618): Illuminate\Routing\Router->runRouteWithinStack(Object(Illuminate\Routing\Route), Object(Illuminate\Http\Request))
#29 /home/arissetyawan/aplikasi-indonesia.com/kickstarter-indonesia/vendor/laravel/framework/src/Illuminate/Routing/Router.php(596): Illuminate\Routing\Router->dispatchToRoute(Object(Illuminate\Http\Request))
#30 /home/arissetyawan/aplikasi-indonesia.com/kickstarter-indonesia/vendor/laravel/framework/src/Illuminate/Foundation/Http/Kernel.php(267): Illuminate\Routing\Router->dispatch(Object(Illuminate\Http\Request))
#31 /home/arissetyawan/aplikasi-indonesia.com/kickstarter-indonesia/vendor/laravel/framework/src/Illuminate/Routing/Pipeline.php(53): Illuminate\Foundation\Http\Kernel->Illuminate\Foundation\Http\{closure}(Object(Illuminate\Http\Request))
#32 /home/arissetyawan/aplikasi-indonesia.com/kickstarter-indonesia/vendor/laravel/framework/src/Illuminate/Foundation/Http/Middleware/CheckForMaintenanceMode.php(46): Illuminate\Routing\Pipeline->Illuminate\Routing\{closure}(Object(Illuminate\Http\Request))
#33 /home/arissetyawan/aplikasi-indonesia.com/kickstarter-indonesia/vendor/laravel/framework/src/Illuminate/Pipeline/Pipeline.php(137): Illuminate\Foundation\Http\Middleware\CheckForMaintenanceMode->handle(Object(Illuminate\Http\Request), Object(Closure))
#34 /home/arissetyawan/aplikasi-indonesia.com/kickstarter-indonesia/vendor/laravel/framework/src/Illuminate/Routing/Pipeline.php(33): Illuminate\Pipeline\Pipeline->Illuminate\Pipeline\{closure}(Object(Illuminate\Http\Request))
#35 /home/arissetyawan/aplikasi-indonesia.com/kickstarter-indonesia/vendor/laravel/framework/src/Illuminate/Pipeline/Pipeline.php(104): Illuminate\Routing\Pipeline->Illuminate\Routing\{closure}(Object(Illuminate\Http\Request))
#36 /home/arissetyawan/aplikasi-indonesia.com/kickstarter-indonesia/vendor/laravel/framework/src/Illuminate/Foundation/Http/Kernel.php(149): Illuminate\Pipeline\Pipeline->then(Object(Closure))
#37 /home/arissetyawan/aplikasi-indonesia.com/kickstarter-indonesia/vendor/laravel/framework/src/Illuminate/Foundation/Http/Kernel.php(116): Illuminate\Foundation\Http\Kernel->sendRequestThroughRouter(Object(Illuminate\Http\Request))
#38 /home/arissetyawan/aplikasi-indonesia.com/kickstarter-indonesia/public/index.php(53): Illuminate\Foundation\Http\Kernel->handle(Object(Illuminate\Http\Request))
#39 /home/arissetyawan/aplikasi-indonesia.com/kickstarter-indonesia/server.php(21): require_once('/home/arissetya...')
#40 {main}  
